<?xml version="1.0" encoding="UTF-8"?>
<!-- Generated by org.testng.reporters.JUnitXMLReporter -->
<testsuite hostname="SAURABH-DESKTOP" ignored="0" name="Free Crm Test" tests="11" failures="1" timestamp="05 Jul 2019 03:51:51 GMT" time="290.046" errors="0">
  <testcase name="loginPageTitleTest" time="0.034" classname="com.crm.qa.testcases.LoginPageTest">
    <failure type="java.lang.AssertionError" message="expected [CRMPRO  - CRM software for customer relationship management, sales, and support.] but found [CRMPRO - CRM software for customer relationship management, sales, and support.]">
      <![CDATA[java.lang.AssertionError: expected [CRMPRO  - CRM software for customer relationship management, sales, and support.] but found [CRMPRO - CRM software for customer relationship management, sales, and support.]
	at com.crm.qa.testcases.LoginPageTest.loginPageTitleTest(LoginPageTest.java:30)
... Removed 31 stack frames]]>
    </failure>
  </testcase> <!-- loginPageTitleTest -->
  <testcase name="verifyContactsPageLabel" time="0.072" classname="com.crm.qa.testcases.ContactsPageTest"/>
  <testcase name="homePageTitle" time="0.026" classname="com.crm.qa.testcases.HomePageTest"/>
  <testcase name="crmImageTest" time="0.101" classname="com.crm.qa.testcases.LoginPageTest"/>
  <testcase name="selectContactsTest" time="0.244" classname="com.crm.qa.testcases.ContactsPageTest"/>
  <testcase name="verifyUserNameTest" time="0.158" classname="com.crm.qa.testcases.HomePageTest"/>
  <testcase name="LoginTest" time="9.901" classname="com.crm.qa.testcases.LoginPageTest"/>
  <testcase name="validateCreatenewContact" time="6.091" classname="com.crm.qa.testcases.ContactsPageTest"/>
  <testcase name="validateCreatenewContact" time="6.212" classname="com.crm.qa.testcases.ContactsPageTest"/>
  <testcase name="validateCreatenewContact" time="6.202" classname="com.crm.qa.testcases.ContactsPageTest"/>
  <testcase name="verifyContactLinkTest" time="1.694" classname="com.crm.qa.testcases.HomePageTest"/>
</testsuite> <!-- Free Crm Test -->
